test_toy_query_processor_ToyQueryProcessor_test_get_toy_existing_toy_id_undefined (unittest.loader._FailedTest) ... ERROR

======================================================================
ERROR: test_toy_query_processor_ToyQueryProcessor_test_get_toy_existing_toy_id_undefined (unittest.loader._FailedTest)
----------------------------------------------------------------------
ImportError: Failed to import test module: test_toy_query_processor_ToyQueryProcessor_test_get_toy_existing_toy_id_undefined
Traceback (most recent call last):
  File "/Users/apple/opt/anaconda3/lib/python3.9/unittest/loader.py", line 154, in loadTestsFromName
    module = __import__(module_name)
  File "/Users/apple/Documents/GitHub/toybox/Query/test_toy_query_processor_ToyQueryProcessor_test_get_toy_existing_toy_id_undefined.py", line 7, in <module>
    from toy_query_processor import ToyQueryProcessor
  File "/Users/apple/Documents/GitHub/toybox/Query/toy_query_processor.py", line 2, in <module>
    from Infrastructure import NotFoundException
ModuleNotFoundError: No module named 'Infrastructure'


----------------------------------------------------------------------
Ran 1 test in 0.000s

FAILED (errors=1)
